<?xml version="1.0" encoding="UTF-8"?>
<testsuite name="com.eteration.simplebanking.ControllerTests" tests="4" skipped="0" failures="0" errors="0" timestamp="2024-10-13T20:47:46" hostname="OMERCAN" time="0.08">
  <properties/>
  <testcase name="givenId_CreditAndThenDebit_thenReturnJson()" classname="com.eteration.simplebanking.ControllerTests" time="0.063"/>
  <testcase name="givenId_Credit_thenReturnJson()" classname="com.eteration.simplebanking.ControllerTests" time="0.005"/>
  <testcase name="givenId_CreditAndThenDebitMoreGetException_thenReturnJson()" classname="com.eteration.simplebanking.ControllerTests" time="0.006"/>
  <testcase name="givenId_GetAccount_thenReturnJson()" classname="com.eteration.simplebanking.ControllerTests" time="0.003"/>
  <system-out><![CDATA[23:47:42.875 [Test worker] DEBUG org.springframework.test.context.BootstrapUtils - Instantiating CacheAwareContextLoaderDelegate from class [org.springframework.test.context.cache.DefaultCacheAwareContextLoaderDelegate]
23:47:42.896 [Test worker] DEBUG org.springframework.test.context.BootstrapUtils - Instantiating BootstrapContext using constructor [public org.springframework.test.context.support.DefaultBootstrapContext(java.lang.Class,org.springframework.test.context.CacheAwareContextLoaderDelegate)]
23:47:42.955 [Test worker] DEBUG org.springframework.test.context.BootstrapUtils - Instantiating TestContextBootstrapper for test class [com.eteration.simplebanking.ControllerTests] from class [org.springframework.boot.test.context.SpringBootTestContextBootstrapper]
23:47:42.985 [Test worker] DEBUG org.springframework.test.context.support.AbstractContextLoader - Did not detect default resource location for test class [com.eteration.simplebanking.ControllerTests]: class path resource [com/eteration/simplebanking/ControllerTests-context.xml] does not exist
23:47:42.985 [Test worker] DEBUG org.springframework.test.context.support.AbstractContextLoader - Did not detect default resource location for test class [com.eteration.simplebanking.ControllerTests]: class path resource [com/eteration/simplebanking/ControllerTestsContext.groovy] does not exist
23:47:42.986 [Test worker] INFO org.springframework.test.context.support.AbstractContextLoader - Could not detect default resource locations for test class [com.eteration.simplebanking.ControllerTests]: no resource found for suffixes {-context.xml, Context.groovy}.
23:47:42.986 [Test worker] INFO org.springframework.test.context.support.AnnotationConfigContextLoaderUtils - Could not detect default configuration classes for test class [com.eteration.simplebanking.ControllerTests]: ControllerTests does not declare any static, non-private, non-final, nested classes annotated with @Configuration.
23:47:43.055 [Test worker] DEBUG org.springframework.test.context.support.ActiveProfilesUtils - Could not find an 'annotation declaring class' for annotation type [org.springframework.test.context.ActiveProfiles] and class [com.eteration.simplebanking.ControllerTests]
23:47:43.146 [Test worker] DEBUG org.springframework.context.annotation.ClassPathScanningCandidateComponentProvider - Identified candidate component class: file [C:\Users\omerc\Documents\GitHub\simplebanking\build\classes\java\main\com\eteration\simplebanking\DemoApplication.class]
23:47:43.148 [Test worker] INFO org.springframework.boot.test.context.SpringBootTestContextBootstrapper - Found @SpringBootConfiguration com.eteration.simplebanking.DemoApplication for test class com.eteration.simplebanking.ControllerTests
23:47:43.289 [Test worker] DEBUG org.springframework.boot.test.context.SpringBootTestContextBootstrapper - @TestExecutionListeners is not present for class [com.eteration.simplebanking.ControllerTests]: using defaults.
23:47:43.290 [Test worker] INFO org.springframework.boot.test.context.SpringBootTestContextBootstrapper - Loaded default TestExecutionListener class names from location [META-INF/spring.factories]: [org.springframework.boot.test.autoconfigure.restdocs.RestDocsTestExecutionListener, org.springframework.boot.test.autoconfigure.web.client.MockRestServiceServerResetTestExecutionListener, org.springframework.boot.test.autoconfigure.web.servlet.MockMvcPrintOnlyOnFailureTestExecutionListener, org.springframework.boot.test.autoconfigure.web.servlet.WebDriverTestExecutionListener, org.springframework.boot.test.autoconfigure.webservices.client.MockWebServiceServerTestExecutionListener, org.springframework.boot.test.mock.mockito.MockitoTestExecutionListener, org.springframework.boot.test.mock.mockito.ResetMocksTestExecutionListener, org.springframework.test.context.web.ServletTestExecutionListener, org.springframework.test.context.support.DirtiesContextBeforeModesTestExecutionListener, org.springframework.test.context.event.ApplicationEventsTestExecutionListener, org.springframework.test.context.support.DependencyInjectionTestExecutionListener, org.springframework.test.context.support.DirtiesContextTestExecutionListener, org.springframework.test.context.transaction.TransactionalTestExecutionListener, org.springframework.test.context.jdbc.SqlScriptsTestExecutionListener, org.springframework.test.context.event.EventPublishingTestExecutionListener]
23:47:43.308 [Test worker] DEBUG org.springframework.boot.test.context.SpringBootTestContextBootstrapper - Skipping candidate TestExecutionListener [org.springframework.test.context.transaction.TransactionalTestExecutionListener] due to a missing dependency. Specify custom listener classes or make the default listener classes and their required dependencies available. Offending class: [org/springframework/transaction/interceptor/TransactionAttributeSource]
23:47:43.309 [Test worker] DEBUG org.springframework.boot.test.context.SpringBootTestContextBootstrapper - Skipping candidate TestExecutionListener [org.springframework.test.context.jdbc.SqlScriptsTestExecutionListener] due to a missing dependency. Specify custom listener classes or make the default listener classes and their required dependencies available. Offending class: [org/springframework/transaction/interceptor/TransactionAttribute]
23:47:43.309 [Test worker] INFO org.springframework.boot.test.context.SpringBootTestContextBootstrapper - Using TestExecutionListeners: [org.springframework.test.context.web.ServletTestExecutionListener@70fab835, org.springframework.test.context.support.DirtiesContextBeforeModesTestExecutionListener@1b0a7baf, org.springframework.test.context.event.ApplicationEventsTestExecutionListener@62417a16, org.springframework.boot.test.mock.mockito.MockitoTestExecutionListener@32057e6, org.springframework.boot.test.autoconfigure.SpringBootDependencyInjectionTestExecutionListener@26be6ca7, org.springframework.test.context.support.DirtiesContextTestExecutionListener@6ea1bcdc, org.springframework.test.context.event.EventPublishingTestExecutionListener@759fad4, org.springframework.boot.test.autoconfigure.restdocs.RestDocsTestExecutionListener@64712be, org.springframework.boot.test.autoconfigure.web.client.MockRestServiceServerResetTestExecutionListener@53499d85, org.springframework.boot.test.autoconfigure.web.servlet.MockMvcPrintOnlyOnFailureTestExecutionListener@30ed9c6c, org.springframework.boot.test.autoconfigure.web.servlet.WebDriverTestExecutionListener@782a4fff, org.springframework.boot.test.autoconfigure.webservices.client.MockWebServiceServerTestExecutionListener@46c670a6, org.springframework.boot.test.mock.mockito.ResetMocksTestExecutionListener@59fc684e]
23:47:43.313 [Test worker] DEBUG org.springframework.test.context.support.AbstractDirtiesContextTestExecutionListener - Before test class: context [DefaultTestContext@363f6148 testClass = ControllerTests, testInstance = [null], testMethod = [null], testException = [null], mergedContextConfiguration = [WebMergedContextConfiguration@4b21844c testClass = ControllerTests, locations = '{}', classes = '{class com.eteration.simplebanking.DemoApplication}', contextInitializerClasses = '[]', activeProfiles = '{}', propertySourceLocations = '{}', propertySourceProperties = '{org.springframework.boot.test.context.SpringBootTestContextBootstrapper=true}', contextCustomizers = set[org.springframework.boot.test.autoconfigure.actuate.metrics.MetricsExportContextCustomizerFactory$DisableMetricExportContextCustomizer@6ee660fb, org.springframework.boot.test.autoconfigure.properties.PropertyMappingContextCustomizer@4b3fa0b3, org.springframework.boot.test.autoconfigure.web.servlet.WebDriverContextCustomizerFactory$Customizer@5f9678e1, [ImportsContextCustomizer@1b28f282 key = [org.springframework.boot.test.autoconfigure.web.servlet.MockMvcAutoConfiguration, org.springframework.boot.test.autoconfigure.web.servlet.MockMvcWebClientAutoConfiguration, org.springframework.boot.test.autoconfigure.web.servlet.MockMvcWebDriverAutoConfiguration, org.springframework.boot.autoconfigure.security.oauth2.client.servlet.OAuth2ClientAutoConfiguration, org.springframework.boot.autoconfigure.security.oauth2.resource.servlet.OAuth2ResourceServerAutoConfiguration, org.springframework.boot.autoconfigure.security.servlet.SecurityAutoConfiguration, org.springframework.boot.autoconfigure.security.servlet.SecurityFilterAutoConfiguration, org.springframework.boot.autoconfigure.security.servlet.UserDetailsServiceAutoConfiguration, org.springframework.boot.test.autoconfigure.web.servlet.MockMvcSecurityConfiguration]], org.springframework.boot.test.context.filter.ExcludeFilterContextCustomizer@3e821657, org.springframework.boot.test.json.DuplicateJsonObjectContextCustomizerFactory$DuplicateJsonObjectContextCustomizer@615091b8, org.springframework.boot.test.mock.mockito.MockitoContextCustomizer@0, org.springframework.boot.test.web.client.TestRestTemplateContextCustomizer@4c550889, org.springframework.boot.test.context.SpringBootTestArgs@1, org.springframework.boot.test.context.SpringBootTestWebEnvironment@7db12bb6], resourceBasePath = 'src/main/webapp', contextLoader = 'org.springframework.boot.test.context.SpringBootContextLoader', parent = [null]], attributes = map['org.springframework.test.context.web.ServletTestExecutionListener.activateListener' -> true]], class annotated with @DirtiesContext [false] with mode [null].
23:47:43.361 [Test worker] DEBUG org.springframework.test.context.support.TestPropertySourceUtils - Adding inlined properties to environment: {spring.jmx.enabled=false, org.springframework.boot.test.context.SpringBootTestContextBootstrapper=true}

  .   ____          _            __ _ _
 /\\ / ___'_ __ _ _(_)_ __  __ _ \ \ \ \
( ( )\___ | '_ | '_| | '_ \/ _` | \ \ \ \
 \\/  ___)| |_)| | | | | || (_| |  ) ) ) )
  '  |____| .__|_| |_|_| |_\__, | / / / /
 =========|_|==============|___/=/_/_/_/
 :: Spring Boot ::                (v2.5.6)

2024-10-13 23:47:43.737  INFO 18488 --- [    Test worker] c.e.simplebanking.ControllerTests        : Starting ControllerTests using Java 17.0.12 on OmerCan with PID 18488 (started by omerc in C:\Users\omerc\Documents\GitHub\simplebanking)
2024-10-13 23:47:43.739  INFO 18488 --- [    Test worker] c.e.simplebanking.ControllerTests        : No active profile set, falling back to default profiles: default
2024-10-13 23:47:45.387  INFO 18488 --- [    Test worker] o.s.b.t.m.w.SpringBootMockServletContext : Initializing Spring TestDispatcherServlet ''
2024-10-13 23:47:45.388  INFO 18488 --- [    Test worker] o.s.t.web.servlet.TestDispatcherServlet  : Initializing Servlet ''
2024-10-13 23:47:45.388  INFO 18488 --- [    Test worker] o.s.t.web.servlet.TestDispatcherServlet  : Completed initialization in 0 ms
2024-10-13 23:47:45.409  INFO 18488 --- [    Test worker] c.e.simplebanking.ControllerTests        : Started ControllerTests in 2.037 seconds (JVM running for 3.695)
]]></system-out>
  <system-err><![CDATA[]]></system-err>
</testsuite>
