<?xml version="1.0" encoding="UTF-8"?>
<testsuite name="com.eteration.simplebanking.DemoApplicationTests" tests="1" skipped="0" failures="0" errors="0" timestamp="2024-10-13T20:47:46" hostname="OMERCAN" time="0.002">
  <properties/>
  <testcase name="contextLoads()" classname="com.eteration.simplebanking.DemoApplicationTests" time="0.002"/>
  <system-out><![CDATA[2024-10-13 23:47:46.152  INFO 18488 --- [    Test worker] o.s.t.c.support.AbstractContextLoader    : Could not detect default resource locations for test class [com.eteration.simplebanking.DemoApplicationTests]: no resource found for suffixes {-context.xml, Context.groovy}.
2024-10-13 23:47:46.152  INFO 18488 --- [    Test worker] t.c.s.AnnotationConfigContextLoaderUtils : Could not detect default configuration classes for test class [com.eteration.simplebanking.DemoApplicationTests]: DemoApplicationTests does not declare any static, non-private, non-final, nested classes annotated with @Configuration.
2024-10-13 23:47:46.153  INFO 18488 --- [    Test worker] .b.t.c.SpringBootTestContextBootstrapper : Found @SpringBootConfiguration com.eteration.simplebanking.DemoApplication for test class com.eteration.simplebanking.DemoApplicationTests
2024-10-13 23:47:46.154  INFO 18488 --- [    Test worker] .b.t.c.SpringBootTestContextBootstrapper : Loaded default TestExecutionListener class names from location [META-INF/spring.factories]: [org.springframework.boot.test.autoconfigure.restdocs.RestDocsTestExecutionListener, org.springframework.boot.test.autoconfigure.web.client.MockRestServiceServerResetTestExecutionListener, org.springframework.boot.test.autoconfigure.web.servlet.MockMvcPrintOnlyOnFailureTestExecutionListener, org.springframework.boot.test.autoconfigure.web.servlet.WebDriverTestExecutionListener, org.springframework.boot.test.autoconfigure.webservices.client.MockWebServiceServerTestExecutionListener, org.springframework.boot.test.mock.mockito.MockitoTestExecutionListener, org.springframework.boot.test.mock.mockito.ResetMocksTestExecutionListener, org.springframework.test.context.web.ServletTestExecutionListener, org.springframework.test.context.support.DirtiesContextBeforeModesTestExecutionListener, org.springframework.test.context.event.ApplicationEventsTestExecutionListener, org.springframework.test.context.support.DependencyInjectionTestExecutionListener, org.springframework.test.context.support.DirtiesContextTestExecutionListener, org.springframework.test.context.transaction.TransactionalTestExecutionListener, org.springframework.test.context.jdbc.SqlScriptsTestExecutionListener, org.springframework.test.context.event.EventPublishingTestExecutionListener]
2024-10-13 23:47:46.155  INFO 18488 --- [    Test worker] .b.t.c.SpringBootTestContextBootstrapper : Using TestExecutionListeners: [org.springframework.test.context.web.ServletTestExecutionListener@45d7495e, org.springframework.test.context.support.DirtiesContextBeforeModesTestExecutionListener@30517a57, org.springframework.test.context.event.ApplicationEventsTestExecutionListener@3dde5f38, org.springframework.boot.test.mock.mockito.MockitoTestExecutionListener@79ad1774, org.springframework.boot.test.autoconfigure.SpringBootDependencyInjectionTestExecutionListener@64f3ca6, org.springframework.test.context.support.DirtiesContextTestExecutionListener@3df77dfa, org.springframework.test.context.event.EventPublishingTestExecutionListener@721fc2e3, org.springframework.boot.test.autoconfigure.restdocs.RestDocsTestExecutionListener@63187d63, org.springframework.boot.test.autoconfigure.web.client.MockRestServiceServerResetTestExecutionListener@1ccdc7aa, org.springframework.boot.test.autoconfigure.web.servlet.MockMvcPrintOnlyOnFailureTestExecutionListener@1a536164, org.springframework.boot.test.autoconfigure.web.servlet.WebDriverTestExecutionListener@1657b017, org.springframework.boot.test.autoconfigure.webservices.client.MockWebServiceServerTestExecutionListener@368424db, org.springframework.boot.test.mock.mockito.ResetMocksTestExecutionListener@44864536]

  .   ____          _            __ _ _
 /\\ / ___'_ __ _ _(_)_ __  __ _ \ \ \ \
( ( )\___ | '_ | '_| | '_ \/ _` | \ \ \ \
 \\/  ___)| |_)| | | | | || (_| |  ) ) ) )
  '  |____| .__|_| |_|_| |_\__, | / / / /
 =========|_|==============|___/=/_/_/_/
 :: Spring Boot ::                (v2.5.6)

2024-10-13 23:47:46.177  INFO 18488 --- [    Test worker] c.e.simplebanking.DemoApplicationTests   : Starting DemoApplicationTests using Java 17.0.12 on OmerCan with PID 18488 (started by omerc in C:\Users\omerc\Documents\GitHub\simplebanking)
2024-10-13 23:47:46.179  INFO 18488 --- [    Test worker] c.e.simplebanking.DemoApplicationTests   : No active profile set, falling back to default profiles: default
2024-10-13 23:47:46.565  INFO 18488 --- [    Test worker] c.e.simplebanking.DemoApplicationTests   : Started DemoApplicationTests in 0.407 seconds (JVM running for 4.851)
]]></system-out>
  <system-err><![CDATA[]]></system-err>
</testsuite>
